
(indicator-keyboard-service:2367): Gdk-WARNING **: indicator-keyboard-service: Fatal IO error 11 (Resource temporarily unavailable) on X server :0.


(notify-osd:2399): Gdk-WARNING **: notify-osd: Fatal IO error 11 (Resource temporarily unavailable) on X server :0.


(bamfdaemon:2323): Gdk-WARNING **: bamfdaemon: Fatal IO error 11 (Resource temporarily unavailable) on X server :0.

g_dbus_connection_real_closed: Remote peer vanished with error: Error receiving message: Connection reset by peer (g-io-error-quark, 0). Exiting.
Activating service name='org.gtk.vfs.Daemon'
Successfully activated service 'org.gtk.vfs.Daemon'
Activating service name='org.ayatana.bamf'
Activating service name='ca.desrt.dconf'
Successfully activated service 'ca.desrt.dconf'
Successfully activated service 'org.ayatana.bamf'
Activating service name='com.canonical.indicator.keyboard'
Successfully activated service 'com.canonical.indicator.keyboard'
Activating service name='org.freedesktop.Notifications'
Activating service name='org.gnome.ScreenSaver'
Successfully activated service 'org.freedesktop.Notifications'
Successfully activated service 'org.gnome.ScreenSaver'
Activating service name='org.gnome.evolution.dataserver.Sources2'
Activating service name='org.gtk.Private.UDisks2VolumeMonitor'
Activating service name='org.gnome.GConf'
Successfully activated service 'org.gnome.GConf'
Successfully activated service 'org.gtk.Private.UDisks2VolumeMonitor'
Activating service name='org.gtk.Private.GPhoto2VolumeMonitor'
Successfully activated service 'org.gtk.Private.GPhoto2VolumeMonitor'
Activating service name='org.gtk.Private.AfcVolumeMonitor'
Successfully activated service 'org.gtk.Private.AfcVolumeMonitor'
Activating service name='org.gtk.Private.MTPVolumeMonitor'
Successfully activated service 'org.gtk.Private.MTPVolumeMonitor'
module-cache-reaper-Message: Scanning data directories
module-cache-reaper-Message: Scanning cache directories
Successfully activated service 'org.gnome.evolution.dataserver.Sources2'
Activating service name='org.gnome.evolution.dataserver.Calendar4'
Successfully activated service 'org.gnome.evolution.dataserver.Calendar4'
Activating service name='org.gtk.vfs.Metadata'
Successfully activated service 'org.gtk.vfs.Metadata'
** Message: Lost the name, shutting down.
Activating service name='org.freedesktop.Telepathy.AccountManager'
Successfully activated service 'org.freedesktop.Telepathy.AccountManager'
Activating service name='com.canonical.indicators.webcredentials'
Successfully activated service 'com.canonical.indicators.webcredentials'
Activating service name='org.gnome.zeitgeist.Engine'
Activating service name='org.gnome.zeitgeist.SimpleIndexer'
Successfully activated service 'org.gnome.zeitgeist.Engine'

(zeitgeist-datahub:2724): GLib-GObject-WARNING **: invalid (NULL) pointer instance

(zeitgeist-datahub:2724): GLib-GObject-CRITICAL **: g_signal_connect_data: assertion 'G_TYPE_CHECK_INSTANCE (instance)' failed
Successfully activated service 'org.gnome.zeitgeist.SimpleIndexer'
Activating service name='com.canonical.Unity.Scope.Home'
Successfully activated service 'com.canonical.Unity.Scope.Home'
Activating service name='com.canonical.Unity.Scope.Applications'
Activating service name='com.canonical.Unity.Scope.LocalFiles'

(process:2799): unity-files-daemon-WARNING **: folder.vala:65: Failed to read favorites: Failed to open file '/home/eswecha/.gtk-bookmarks': No such file or directory
Successfully activated service 'com.canonical.Unity.Scope.LocalFiles'
Successfully activated service 'com.canonical.Unity.Scope.Applications'

** (zeitgeist-datahub:2724): WARNING **: downloads-directory-provider.vala:120: Couldn't process /home/eswecha/Downloads/Resume-20180831T064638Z-001 (2): Error when getting information for file '/home/eswecha/Downloads/Resume-20180831T064638Z-001 (2)': No such file or directory

** (zeitgeist-datahub:2724): WARNING **: downloads-directory-provider.vala:120: Couldn't process /home/eswecha/Downloads/Resume-20180831T064638Z-001: Error when getting information for file '/home/eswecha/Downloads/Resume-20180831T064638Z-001': No such file or directory

** (zeitgeist-datahub:2724): WARNING **: zeitgeist-datahub.vala:212: Error during inserting events: GDBus.Error:org.gnome.zeitgeist.EngineError.InvalidArgument: Incomplete event: interpretation, manifestation and actor are required

** (zeitgeist-fts:2722): WARNING **: Unable to get info on application://nautilus-autostart.desktop
Activating service name='org.a11y.Bus'

** (zeitgeist-fts:2722): WARNING **: Unable to get info on application://nautilus-autostart.desktop
Failed to activate service 'org.a11y.Bus': timed out
